-------------------------------------------------------------------------------
Test set: fr.univavignon.pokedex.api.IPokedexFactoryTest
-------------------------------------------------------------------------------
Tests run: 4, Failures: 0, Errors: 4, Skipped: 0, Time elapsed: 3.622 s <<< FAILURE! - in fr.univavignon.pokedex.api.IPokedexFactoryTest
testGetPokemonInvalidIndexNegatifException  Time elapsed: 3.387 s  <<< ERROR!
org.mockito.exceptions.base.MockitoException: 

Mockito cannot mock this class: class fr.univavignon.pokedex.api.PokedexFactory.

If you're not sure why you're getting this error, please report to the mailing list.


Java               : 19
JVM vendor name    : Oracle Corporation
JVM vendor version : 19.0.2+7-44
JVM name           : Java HotSpot(TM) 64-Bit Server VM
JVM version        : 19.0.2+7-44
JVM info           : mixed mode, sharing
OS name            : Windows 11
OS version         : 10.0


You are seeing this disclaimer because Mockito is configured to create inlined mocks.
You can learn about inline mocks and their limitations under item #39 of the Mockito class javadoc.

Underlying exception : org.mockito.exceptions.base.MockitoException: Could not modify all classes [class java.lang.Object, class fr.univavignon.pokedex.api.PokedexFactory, interface fr.univavignon.pokedex.api.IPokedexFactory]
Caused by: org.mockito.exceptions.base.MockitoException: Could not modify all classes [class java.lang.Object, class fr.univavignon.pokedex.api.PokedexFactory, interface fr.univavignon.pokedex.api.IPokedexFactory]
Caused by: java.lang.IllegalStateException: 

Byte Buddy could not instrument all classes within the mock's type hierarchy

This problem should never occur for javac-compiled classes. This problem has been observed for classes that are:
 - Compiled by older versions of scalac
 - Classes that are part of the Android distribution
Caused by: java.lang.IllegalArgumentException: Java 19 (63) is not supported by the current version of Byte Buddy which officially supports Java 18 (62) - update Byte Buddy or set net.bytebuddy.experimental as a VM property

testCreatePokedex  Time elapsed: 0.048 s  <<< ERROR!
org.mockito.exceptions.base.MockitoException: 

Mockito cannot mock this class: class fr.univavignon.pokedex.api.PokedexFactory.

If you're not sure why you're getting this error, please report to the mailing list.


Java               : 19
JVM vendor name    : Oracle Corporation
JVM vendor version : 19.0.2+7-44
JVM name           : Java HotSpot(TM) 64-Bit Server VM
JVM version        : 19.0.2+7-44
JVM info           : mixed mode, sharing
OS name            : Windows 11
OS version         : 10.0


You are seeing this disclaimer because Mockito is configured to create inlined mocks.
You can learn about inline mocks and their limitations under item #39 of the Mockito class javadoc.

Underlying exception : org.mockito.exceptions.base.MockitoException: Could not modify all classes [class java.lang.Object, class fr.univavignon.pokedex.api.PokedexFactory, interface fr.univavignon.pokedex.api.IPokedexFactory]
Caused by: org.mockito.exceptions.base.MockitoException: Could not modify all classes [class java.lang.Object, class fr.univavignon.pokedex.api.PokedexFactory, interface fr.univavignon.pokedex.api.IPokedexFactory]
Caused by: java.lang.IllegalStateException: 

Byte Buddy could not instrument all classes within the mock's type hierarchy

This problem should never occur for javac-compiled classes. This problem has been observed for classes that are:
 - Compiled by older versions of scalac
 - Classes that are part of the Android distribution
Caused by: java.lang.IllegalArgumentException: Java 19 (63) is not supported by the current version of Byte Buddy which officially supports Java 18 (62) - update Byte Buddy or set net.bytebuddy.experimental as a VM property

testGetPokemonInvalidIndexSup150Exception  Time elapsed: 0.065 s  <<< ERROR!
org.mockito.exceptions.base.MockitoException: 

Mockito cannot mock this class: class fr.univavignon.pokedex.api.PokedexFactory.

If you're not sure why you're getting this error, please report to the mailing list.


Java               : 19
JVM vendor name    : Oracle Corporation
JVM vendor version : 19.0.2+7-44
JVM name           : Java HotSpot(TM) 64-Bit Server VM
JVM version        : 19.0.2+7-44
JVM info           : mixed mode, sharing
OS name            : Windows 11
OS version         : 10.0


You are seeing this disclaimer because Mockito is configured to create inlined mocks.
You can learn about inline mocks and their limitations under item #39 of the Mockito class javadoc.

Underlying exception : org.mockito.exceptions.base.MockitoException: Could not modify all classes [class java.lang.Object, class fr.univavignon.pokedex.api.PokedexFactory, interface fr.univavignon.pokedex.api.IPokedexFactory]
Caused by: org.mockito.exceptions.base.MockitoException: Could not modify all classes [class java.lang.Object, class fr.univavignon.pokedex.api.PokedexFactory, interface fr.univavignon.pokedex.api.IPokedexFactory]
Caused by: java.lang.IllegalStateException: 

Byte Buddy could not instrument all classes within the mock's type hierarchy

This problem should never occur for javac-compiled classes. This problem has been observed for classes that are:
 - Compiled by older versions of scalac
 - Classes that are part of the Android distribution
Caused by: java.lang.IllegalArgumentException: Java 19 (63) is not supported by the current version of Byte Buddy which officially supports Java 18 (62) - update Byte Buddy or set net.bytebuddy.experimental as a VM property

testPokedexSizeApresAjoutPokemons  Time elapsed: 0.075 s  <<< ERROR!
org.mockito.exceptions.base.MockitoException: 

Mockito cannot mock this class: class fr.univavignon.pokedex.api.PokedexFactory.

If you're not sure why you're getting this error, please report to the mailing list.


Java               : 19
JVM vendor name    : Oracle Corporation
JVM vendor version : 19.0.2+7-44
JVM name           : Java HotSpot(TM) 64-Bit Server VM
JVM version        : 19.0.2+7-44
JVM info           : mixed mode, sharing
OS name            : Windows 11
OS version         : 10.0


You are seeing this disclaimer because Mockito is configured to create inlined mocks.
You can learn about inline mocks and their limitations under item #39 of the Mockito class javadoc.

Underlying exception : org.mockito.exceptions.base.MockitoException: Could not modify all classes [class java.lang.Object, class fr.univavignon.pokedex.api.PokedexFactory, interface fr.univavignon.pokedex.api.IPokedexFactory]
Caused by: org.mockito.exceptions.base.MockitoException: Could not modify all classes [class java.lang.Object, class fr.univavignon.pokedex.api.PokedexFactory, interface fr.univavignon.pokedex.api.IPokedexFactory]
Caused by: java.lang.IllegalStateException: 

Byte Buddy could not instrument all classes within the mock's type hierarchy

This problem should never occur for javac-compiled classes. This problem has been observed for classes that are:
 - Compiled by older versions of scalac
 - Classes that are part of the Android distribution
Caused by: java.lang.IllegalArgumentException: Java 19 (63) is not supported by the current version of Byte Buddy which officially supports Java 18 (62) - update Byte Buddy or set net.bytebuddy.experimental as a VM property

