<?xml version="1.0" encoding="UTF-8"?>
<testsuite xmlns:xsi="http://www.w3.org/2001/XMLSchema-instance" xsi:noNamespaceSchemaLocation="https://maven.apache.org/surefire/maven-surefire-plugin/xsd/surefire-test-report.xsd" name="fr.univavignon.pokedex.api.IPokemonTrainerFactoryTest" time="1.987" tests="3" errors="3" skipped="0" failures="0">
  <properties>
[...]
</properties>
  <testcase name="trainerAttenduCreationTest" classname="fr.univavignon.pokedex.api.IPokemonTrainerFactoryTest" time="1.345">
    <error message="&#10;Mockito cannot mock this class: class fr.univavignon.pokedex.api.PokemonTrainer.&#10;&#10;If you&apos;re not sure why you&apos;re getting this error, please report to the mailing list.&#10;&#10;&#10;Java               : 19&#10;JVM vendor name    : Oracle Corporation&#10;JVM vendor version : 19.0.2+7-44&#10;JVM name           : Java HotSpot(TM) 64-Bit Server VM&#10;JVM version        : 19.0.2+7-44&#10;JVM info           : mixed mode, sharing&#10;OS name            : Windows 11&#10;OS version         : 10.0&#10;&#10;&#10;You are seeing this disclaimer because Mockito is configured to create inlined mocks.&#10;You can learn about inline mocks and their limitations under item #39 of the Mockito class javadoc.&#10;&#10;Underlying exception : org.mockito.exceptions.base.MockitoException: Could not modify all classes [class fr.univavignon.pokedex.api.PokemonTrainer, class java.lang.Object]" type="org.mockito.exceptions.base.MockitoException">org.mockito.exceptions.base.MockitoException: 

Mockito cannot mock this class: class fr.univavignon.pokedex.api.PokemonTrainer.

If you're not sure why you're getting this error, please report to the mailing list.


Java               : 19
JVM vendor name    : Oracle Corporation
JVM vendor version : 19.0.2+7-44
JVM name           : Java HotSpot(TM) 64-Bit Server VM
JVM version        : 19.0.2+7-44
JVM info           : mixed mode, sharing
OS name            : Windows 11
OS version         : 10.0


You are seeing this disclaimer because Mockito is configured to create inlined mocks.
You can learn about inline mocks and their limitations under item #39 of the Mockito class javadoc.

Underlying exception : org.mockito.exceptions.base.MockitoException: Could not modify all classes [class fr.univavignon.pokedex.api.PokemonTrainer, class java.lang.Object]
Caused by: org.mockito.exceptions.base.MockitoException: Could not modify all classes [class fr.univavignon.pokedex.api.PokemonTrainer, class java.lang.Object]
Caused by: java.lang.IllegalStateException: 

Byte Buddy could not instrument all classes within the mock's type hierarchy

This problem should never occur for javac-compiled classes. This problem has been observed for classes that are:
 - Compiled by older versions of scalac
 - Classes that are part of the Android distribution
Caused by: java.lang.IllegalArgumentException: Java 19 (63) is not supported by the current version of Byte Buddy which officially supports Java 18 (62) - update Byte Buddy or set net.bytebuddy.experimental as a VM property
</error>
  </testcase>
  <testcase name="testCreateTrainer" classname="fr.univavignon.pokedex.api.IPokemonTrainerFactoryTest" time="0.282">
    <error message="&#10;Mockito cannot mock this class: class fr.univavignon.pokedex.api.PokemonTrainer.&#10;&#10;If you&apos;re not sure why you&apos;re getting this error, please report to the mailing list.&#10;&#10;&#10;Java               : 19&#10;JVM vendor name    : Oracle Corporation&#10;JVM vendor version : 19.0.2+7-44&#10;JVM name           : Java HotSpot(TM) 64-Bit Server VM&#10;JVM version        : 19.0.2+7-44&#10;JVM info           : mixed mode, sharing&#10;OS name            : Windows 11&#10;OS version         : 10.0&#10;&#10;&#10;You are seeing this disclaimer because Mockito is configured to create inlined mocks.&#10;You can learn about inline mocks and their limitations under item #39 of the Mockito class javadoc.&#10;&#10;Underlying exception : org.mockito.exceptions.base.MockitoException: Could not modify all classes [class fr.univavignon.pokedex.api.PokemonTrainer, class java.lang.Object]" type="org.mockito.exceptions.base.MockitoException">org.mockito.exceptions.base.MockitoException: 

Mockito cannot mock this class: class fr.univavignon.pokedex.api.PokemonTrainer.

If you're not sure why you're getting this error, please report to the mailing list.


Java               : 19
JVM vendor name    : Oracle Corporation
JVM vendor version : 19.0.2+7-44
JVM name           : Java HotSpot(TM) 64-Bit Server VM
JVM version        : 19.0.2+7-44
JVM info           : mixed mode, sharing
OS name            : Windows 11
OS version         : 10.0


You are seeing this disclaimer because Mockito is configured to create inlined mocks.
You can learn about inline mocks and their limitations under item #39 of the Mockito class javadoc.

Underlying exception : org.mockito.exceptions.base.MockitoException: Could not modify all classes [class fr.univavignon.pokedex.api.PokemonTrainer, class java.lang.Object]
Caused by: org.mockito.exceptions.base.MockitoException: Could not modify all classes [class fr.univavignon.pokedex.api.PokemonTrainer, class java.lang.Object]
Caused by: java.lang.IllegalStateException: 

Byte Buddy could not instrument all classes within the mock's type hierarchy

This problem should never occur for javac-compiled classes. This problem has been observed for classes that are:
 - Compiled by older versions of scalac
 - Classes that are part of the Android distribution
Caused by: java.lang.IllegalArgumentException: Java 19 (63) is not supported by the current version of Byte Buddy which officially supports Java 18 (62) - update Byte Buddy or set net.bytebuddy.experimental as a VM property
</error>
  </testcase>
  <testcase name="TrainerInformationCoherencetest" classname="fr.univavignon.pokedex.api.IPokemonTrainerFactoryTest" time="0.25">
    <error message="&#10;Mockito cannot mock this class: class fr.univavignon.pokedex.api.PokemonTrainer.&#10;&#10;If you&apos;re not sure why you&apos;re getting this error, please report to the mailing list.&#10;&#10;&#10;Java               : 19&#10;JVM vendor name    : Oracle Corporation&#10;JVM vendor version : 19.0.2+7-44&#10;JVM name           : Java HotSpot(TM) 64-Bit Server VM&#10;JVM version        : 19.0.2+7-44&#10;JVM info           : mixed mode, sharing&#10;OS name            : Windows 11&#10;OS version         : 10.0&#10;&#10;&#10;You are seeing this disclaimer because Mockito is configured to create inlined mocks.&#10;You can learn about inline mocks and their limitations under item #39 of the Mockito class javadoc.&#10;&#10;Underlying exception : org.mockito.exceptions.base.MockitoException: Could not modify all classes [class fr.univavignon.pokedex.api.PokemonTrainer, class java.lang.Object]" type="org.mockito.exceptions.base.MockitoException">org.mockito.exceptions.base.MockitoException: 

Mockito cannot mock this class: class fr.univavignon.pokedex.api.PokemonTrainer.

If you're not sure why you're getting this error, please report to the mailing list.


Java               : 19
JVM vendor name    : Oracle Corporation
JVM vendor version : 19.0.2+7-44
JVM name           : Java HotSpot(TM) 64-Bit Server VM
JVM version        : 19.0.2+7-44
JVM info           : mixed mode, sharing
OS name            : Windows 11
OS version         : 10.0


You are seeing this disclaimer because Mockito is configured to create inlined mocks.
You can learn about inline mocks and their limitations under item #39 of the Mockito class javadoc.

Underlying exception : org.mockito.exceptions.base.MockitoException: Could not modify all classes [class fr.univavignon.pokedex.api.PokemonTrainer, class java.lang.Object]
Caused by: org.mockito.exceptions.base.MockitoException: Could not modify all classes [class fr.univavignon.pokedex.api.PokemonTrainer, class java.lang.Object]
Caused by: java.lang.IllegalStateException: 

Byte Buddy could not instrument all classes within the mock's type hierarchy

This problem should never occur for javac-compiled classes. This problem has been observed for classes that are:
 - Compiled by older versions of scalac
 - Classes that are part of the Android distribution
Caused by: java.lang.IllegalArgumentException: Java 19 (63) is not supported by the current version of Byte Buddy which officially supports Java 18 (62) - update Byte Buddy or set net.bytebuddy.experimental as a VM property
</error>
  </testcase>
</testsuite>