<?xml version="1.0" encoding="UTF-8"?>
<testsuite xmlns:xsi="http://www.w3.org/2001/XMLSchema-instance" xsi:noNamespaceSchemaLocation="https://maven.apache.org/surefire/maven-surefire-plugin/xsd/surefire-test-report.xsd" name="fr.univavignon.pokedex.api.IPokemonMetadataProviderTest" time="0.335" tests="5" errors="0" skipped="0" failures="0">
  <properties>
[...]
</properties>
  <testcase name="getPokemonMetadata_invalidIndexInfZero" classname="fr.univavignon.pokedex.api.IPokemonMetadataProviderTest" time="0.264"/>
  <testcase name="getPokemonMetadata_invalidIndexNull" classname="fr.univavignon.pokedex.api.IPokemonMetadataProviderTest" time="0.015"/>
  <testcase name="getPokemonMetadata_AvecValidIndexBulbizarre" classname="fr.univavignon.pokedex.api.IPokemonMetadataProviderTest" time="0.011"/>
  <testcase name="getPokemonMetadata_AvecValidIndexAquali" classname="fr.univavignon.pokedex.api.IPokemonMetadataProviderTest" time="0.008"/>
  <testcase name="getPokemonMetadata_invalidIndexSup150" classname="fr.univavignon.pokedex.api.IPokemonMetadataProviderTest" time="0.01"/>
</testsuite>